<?xml version="1.0" encoding="UTF-8"?>
<testsuite xmlns:xsi="http://www.w3.org/2001/XMLSchema-instance" xsi:noNamespaceSchemaLocation="https://maven.apache.org/surefire/maven-surefire-plugin/xsd/surefire-test-report.xsd" name="RobotTest" time="0.014" tests="12" errors="0" skipped="0" failures="0">
  <properties>
[...]
</properties>
  <testcase name="shouldThrowExceptionWhenGivenInvalidCommand" classname="RobotTest" time="0"/>
  <testcase name="shouldNotTrespassBackWall" classname="RobotTest" time="0.005"/>
  <testcase name="shouldAcceptBothLowerAndUpperCaseCommands" classname="RobotTest" time="0.001"/>
  <testcase name="shouldNotTrespassRightWall" classname="RobotTest" time="0"/>
  <testcase name="shouldEndWhereItStarted" classname="RobotTest" time="0.001"/>
  <testcase name="shouldReturnToPosition01W" classname="RobotTest" time="0.001"/>
  <testcase name="shouldEndWhereItStartedWithoutMoving" classname="RobotTest" time="0"/>
  <testcase name="shouldMoveToPosition13N" classname="RobotTest" time="0"/>
  <testcase name="shouldMoveToPosition30S" classname="RobotTest" time="0.001"/>
  <testcase name="shouldMoveToPosition31E" classname="RobotTest" time="0.001"/>
  <testcase name="shouldNotTrespassFrontWall" classname="RobotTest" time="0.001"/>
  <testcase name="shouldNotTrespassLeftWall" classname="RobotTest" time="0.001"/>
</testsuite>